{
  "RSpec": {
    "coverage": {
      "C:/Users/dylan/Desktop/animal_shelter_api/spec/models/animal_spec.rb": {
        "lines": [
          1,
          null,
          1,
          2,
          1,
          1,
          1,
          1,
          null,
          null
        ]
      },
      "C:/Users/dylan/Desktop/animal_shelter_api/spec/rails_helper.rb": {
        "lines": [
          null,
          1,
          1,
          null,
          1,
          null,
          null,
          1,
          1,
          null,
          null,
          null,
          null,
          null,
          null,
          null,
          null,
          null,
          null,
          null,
          null,
          null,
          null,
          null,
          null,
          null,
          null,
          null,
          1,
          1,
          null,
          0,
          0,
          null,
          1,
          null,
          1,
          null,
          null,
          null,
          null,
          1,
          null,
          null,
          null,
          null,
          null,
          null,
          null,
          null,
          null,
          null,
          null,
          null,
          null,
          null,
          1,
          null,
          null,
          1,
          null,
          null,
          null,
          1,
          1,
          1,
          1,
          null,
          null
        ]
      },
      "C:/Users/dylan/Desktop/animal_shelter_api/config/environment.rb": {
        "lines": [
          null,
          1,
          null,
          null,
          1
        ]
      },
      "C:/Users/dylan/Desktop/animal_shelter_api/config/application.rb": {
        "lines": [
          1,
          null,
          1,
          null,
          1,
          1,
          1,
          1,
          1,
          1,
          1,
          1,
          1,
          1,
          1,
          null,
          null,
          null,
          null,
          1,
          null,
          1,
          1,
          null,
          1,
          null,
          null,
          null,
          null,
          null,
          null,
          null,
          1,
          null,
          null
        ]
      },
      "C:/Users/dylan/Desktop/animal_shelter_api/config/boot.rb": {
        "lines": [
          1,
          null,
          1,
          1
        ]
      },
      "C:/Users/dylan/Desktop/animal_shelter_api/config/environments/test.rb": {
        "lines": [
          null,
          null,
          null,
          null,
          null,
          1,
          null,
          null,
          1,
          null,
          null,
          null,
          null,
          1,
          null,
          null,
          1,
          1,
          null,
          null,
          null,
          null,
          1,
          1,
          1,
          null,
          null,
          1,
          null,
          null,
          1,
          null,
          null,
          1,
          null,
          1,
          null,
          null,
          null,
          null,
          1,
          null,
          null,
          1,
          null,
          null,
          null,
          null
        ]
      },
      "C:/Users/dylan/Desktop/animal_shelter_api/config/initializers/application_controller_renderer.rb": {
        "lines": [
          null,
          null,
          null,
          null,
          null,
          null,
          null,
          null
        ]
      },
      "C:/Users/dylan/Desktop/animal_shelter_api/config/initializers/assets.rb": {
        "lines": [
          null,
          null,
          null,
          1,
          null,
          null,
          null,
          null,
          1,
          null,
          null,
          null,
          null,
          null
        ]
      },
      "C:/Users/dylan/Desktop/animal_shelter_api/config/initializers/backtrace_silencers.rb": {
        "lines": [
          null,
          null,
          null,
          null,
          null,
          null,
          null
        ]
      },
      "C:/Users/dylan/Desktop/animal_shelter_api/config/initializers/content_security_policy.rb": {
        "lines": [
          null,
          null,
          null,
          null,
          null,
          null,
          null,
          null,
          null,
          null,
          null,
          null,
          null,
          null,
          null,
          null,
          null,
          null,
          null,
          null,
          null,
          null,
          null,
          null,
          null,
          null,
          null,
          null,
          null,
          null
        ]
      },
      "C:/Users/dylan/Desktop/animal_shelter_api/config/initializers/cookies_serializer.rb": {
        "lines": [
          null,
          null,
          null,
          null,
          1
        ]
      },
      "C:/Users/dylan/Desktop/animal_shelter_api/config/initializers/filter_parameter_logging.rb": {
        "lines": [
          null,
          null,
          null,
          1
        ]
      },
      "C:/Users/dylan/Desktop/animal_shelter_api/config/initializers/inflections.rb": {
        "lines": [
          null,
          null,
          null,
          null,
          null,
          null,
          null,
          null,
          null,
          null,
          null,
          null,
          null,
          null,
          null,
          null
        ]
      },
      "C:/Users/dylan/Desktop/animal_shelter_api/config/initializers/mime_types.rb": {
        "lines": [
          null,
          null,
          null,
          null
        ]
      },
      "C:/Users/dylan/Desktop/animal_shelter_api/config/initializers/wrap_parameters.rb": {
        "lines": [
          null,
          null,
          null,
          null,
          null,
          null,
          1,
          2,
          null,
          null,
          null,
          null,
          null,
          null
        ]
      },
      "C:/Users/dylan/Desktop/animal_shelter_api/app/controllers/animals_controller.rb": {
        "lines": [
          1,
          null,
          1,
          1,
          1,
          null,
          null,
          1,
          0,
          0,
          null,
          null,
          1,
          0,
          0,
          null,
          null,
          1,
          0,
          0,
          0,
          null,
          null,
          null,
          null,
          null,
          1,
          0,
          0,
          null,
          null,
          1,
          1,
          1,
          null,
          null,
          1,
          0,
          null,
          null
        ]
      },
      "C:/Users/dylan/Desktop/animal_shelter_api/app/controllers/application_controller.rb": {
        "lines": [
          1,
          1,
          1,
          0,
          null,
          null
        ]
      },
      "C:/Users/dylan/Desktop/animal_shelter_api/app/controllers/concerns/response.rb": {
        "lines": [
          1,
          1,
          0,
          null,
          null
        ]
      },
      "C:/Users/dylan/Desktop/animal_shelter_api/app/controllers/shelters_controller.rb": {
        "lines": [
          1,
          null,
          1,
          2,
          2,
          null,
          null,
          1,
          0,
          0,
          null,
          0,
          null,
          0,
          null,
          null,
          1,
          0,
          0,
          null,
          0,
          null,
          null,
          1,
          6,
          6,
          null,
          null,
          1,
          2,
          2,
          2,
          null,
          null,
          null,
          null,
          null,
          1,
          2,
          2,
          2,
          null,
          null,
          null,
          null,
          null,
          1,
          1,
          8,
          null,
          null,
          1,
          8,
          null,
          null
        ]
      },
      "C:/Users/dylan/Desktop/animal_shelter_api/app/helpers/application_helper.rb": {
        "lines": [
          1,
          null
        ]
      },
      "C:/Users/dylan/Desktop/animal_shelter_api/app/jobs/application_job.rb": {
        "lines": [
          1,
          null,
          null,
          null,
          null,
          null,
          null
        ]
      },
      "C:/Users/dylan/Desktop/animal_shelter_api/app/mailers/application_mailer.rb": {
        "lines": [
          1,
          1,
          1,
          null
        ]
      },
      "C:/Users/dylan/Desktop/animal_shelter_api/app/models/animal.rb": {
        "lines": [
          1,
          1,
          null
        ]
      },
      "C:/Users/dylan/Desktop/animal_shelter_api/app/models/application_record.rb": {
        "lines": [
          1,
          1,
          null
        ]
      },
      "C:/Users/dylan/Desktop/animal_shelter_api/app/models/shelter.rb": {
        "lines": [
          1,
          1,
          null
        ]
      },
      "C:/Users/dylan/Desktop/animal_shelter_api/app/channels/application_cable/channel.rb": {
        "lines": [
          1,
          1,
          null,
          null
        ]
      },
      "C:/Users/dylan/Desktop/animal_shelter_api/app/channels/application_cable/connection.rb": {
        "lines": [
          1,
          1,
          null,
          null
        ]
      },
      "C:/Users/dylan/Desktop/animal_shelter_api/spec/factories.rb": {
        "lines": [
          1,
          1,
          43,
          null,
          1,
          2,
          1,
          null,
          null
        ]
      },
      "C:/Users/dylan/Desktop/animal_shelter_api/config/routes.rb": {
        "lines": [
          1,
          1,
          1,
          1,
          1,
          null,
          null,
          null
        ]
      },
      "C:/Users/dylan/Desktop/animal_shelter_api/spec/models/shelter_spec.rb": {
        "lines": [
          1,
          null,
          1,
          2,
          1,
          1,
          1,
          null,
          null
        ]
      },
      "C:/Users/dylan/Desktop/animal_shelter_api/spec/requests/delete_shelter_spec.rb": {
        "lines": [
          1,
          null,
          1,
          1,
          1,
          2,
          null,
          null,
          null,
          null,
          null,
          2,
          null,
          null,
          1,
          1,
          null,
          null,
          1,
          1,
          null,
          null,
          null,
          null,
          null,
          null,
          null,
          null,
          null,
          null,
          null,
          null,
          null,
          null,
          null,
          null
        ]
      },
      "C:/Users/dylan/Desktop/animal_shelter_api/spec/requests/get_animals_spec.rb": {
        "lines": [
          1,
          null,
          1,
          1,
          1,
          1,
          null,
          null,
          null,
          null,
          null,
          null,
          1,
          null,
          null,
          null,
          null,
          null,
          null,
          null,
          1,
          null,
          null,
          null,
          null,
          null,
          1,
          1,
          null,
          null,
          null
        ]
      },
      "C:/Users/dylan/Desktop/animal_shelter_api/spec/requests/get_shelters_spec.rb": {
        "lines": [
          1,
          null,
          1,
          3,
          null,
          3,
          null,
          1,
          1,
          null,
          null,
          1,
          1,
          null,
          null
        ]
      },
      "C:/Users/dylan/Desktop/animal_shelter_api/spec/requests/post_shelter_spec.rb": {
        "lines": [
          1,
          null,
          1,
          null,
          1,
          6,
          null,
          null,
          1,
          1,
          null,
          null,
          1,
          1,
          null,
          null,
          1,
          1,
          null,
          null,
          1,
          1,
          null,
          null,
          1,
          1,
          null,
          null,
          1,
          1,
          null,
          null
        ]
      },
      "C:/Users/dylan/Desktop/animal_shelter_api/spec/requests/update_shelter_spec.rb": {
        "lines": [
          1,
          null,
          1,
          1,
          1,
          2,
          null,
          null,
          null,
          null,
          null,
          2,
          null,
          null,
          null,
          null,
          null,
          null,
          1,
          1,
          null,
          null,
          1,
          1,
          null,
          null,
          null,
          null
        ]
      }
    },
    "timestamp": 1580588905
  }
}
